{"D:\\DIEGO\\Documents\\SOFTWARE\\PRUEBAS\\pruebas\\Laboratorio2\\code\\src\\app.js": {"path":"D:\\DIEGO\\Documents\\SOFTWARE\\PRUEBAS\\pruebas\\Laboratorio2\\code\\src\\app.js","statementMap":{"0":{"start":{"line":1,"column":16},"end":{"line":1,"column":34}},"1":{"start":{"line":2,"column":19},"end":{"line":2,"column":50}},"2":{"start":{"line":5,"column":16},"end":{"line":5,"column":25}},"3":{"start":{"line":6,"column":4},"end":{"line":6,"column":28}},"4":{"start":{"line":7,"column":4},"end":{"line":7,"column":38}},"5":{"start":{"line":8,"column":4},"end":{"line":10,"column":7}},"6":{"start":{"line":9,"column":8},"end":{"line":9,"column":61}},"7":{"start":{"line":11,"column":4},"end":{"line":11,"column":15}},"8":{"start":{"line":14,"column":0},"end":{"line":14,"column":27}}},"fnMap":{"0":{"name":"createApp","decl":{"start":{"line":4,"column":9},"end":{"line":4,"column":18}},"loc":{"start":{"line":4,"column":21},"end":{"line":12,"column":1}},"line":4},"1":{"name":"(anonymous_1)","decl":{"start":{"line":8,"column":12},"end":{"line":8,"column":13}},"loc":{"start":{"line":8,"column":26},"end":{"line":10,"column":5}},"line":8}},"branchMap":{},"s":{"0":2,"1":2,"2":2,"3":2,"4":2,"5":2,"6":1,"7":2,"8":2},"f":{"0":2,"1":1},"b":{},"_coverageSchema":"1a1c01bbd47fc00a2c39e90264f33305004495a9","hash":"9040b29f71789e05bd4af281226936261add8c12"}
,"D:\\DIEGO\\Documents\\SOFTWARE\\PRUEBAS\\pruebas\\Laboratorio2\\code\\src\\controllers\\user.controller.js": {"path":"D:\\DIEGO\\Documents\\SOFTWARE\\PRUEBAS\\pruebas\\Laboratorio2\\code\\src\\controllers\\user.controller.js","statementMap":{"0":{"start":{"line":1,"column":12},"end":{"line":1,"column":14}},"1":{"start":{"line":4,"column":4},"end":{"line":4,"column":27}},"2":{"start":{"line":8,"column":28},"end":{"line":8,"column":36}},"3":{"start":{"line":10,"column":4},"end":{"line":12,"column":5}},"4":{"start":{"line":11,"column":8},"end":{"line":11,"column":80}},"5":{"start":{"line":14,"column":20},"end":{"line":18,"column":5}},"6":{"start":{"line":20,"column":4},"end":{"line":20,"column":24}},"7":{"start":{"line":22,"column":4},"end":{"line":22,"column":34}},"8":{"start":{"line":26,"column":19},"end":{"line":26,"column":29}},"9":{"start":{"line":27,"column":28},"end":{"line":27,"column":36}},"10":{"start":{"line":28,"column":17},"end":{"line":28,"column":55}},"11":{"start":{"line":28,"column":33},"end":{"line":28,"column":54}},"12":{"start":{"line":30,"column":4},"end":{"line":32,"column":5}},"13":{"start":{"line":31,"column":8},"end":{"line":31,"column":67}},"14":{"start":{"line":34,"column":4},"end":{"line":34,"column":31}},"15":{"start":{"line":34,"column":14},"end":{"line":34,"column":31}},"16":{"start":{"line":35,"column":4},"end":{"line":35,"column":34}},"17":{"start":{"line":35,"column":15},"end":{"line":35,"column":34}},"18":{"start":{"line":37,"column":4},"end":{"line":37,"column":19}},"19":{"start":{"line":41,"column":19},"end":{"line":41,"column":29}},"20":{"start":{"line":42,"column":18},"end":{"line":42,"column":61}},"21":{"start":{"line":42,"column":39},"end":{"line":42,"column":60}},"22":{"start":{"line":44,"column":4},"end":{"line":46,"column":5}},"23":{"start":{"line":45,"column":8},"end":{"line":45,"column":67}},"24":{"start":{"line":48,"column":24},"end":{"line":48,"column":46}},"25":{"start":{"line":49,"column":4},"end":{"line":49,"column":29}},"26":{"start":{"line":53,"column":4},"end":{"line":53,"column":15}},"27":{"start":{"line":56,"column":0},"end":{"line":62,"column":2}}},"fnMap":{"0":{"name":"getAllUsers","decl":{"start":{"line":3,"column":9},"end":{"line":3,"column":20}},"loc":{"start":{"line":3,"column":31},"end":{"line":5,"column":1}},"line":3},"1":{"name":"createUser","decl":{"start":{"line":7,"column":9},"end":{"line":7,"column":19}},"loc":{"start":{"line":7,"column":30},"end":{"line":23,"column":1}},"line":7},"2":{"name":"updateUser","decl":{"start":{"line":25,"column":9},"end":{"line":25,"column":19}},"loc":{"start":{"line":25,"column":30},"end":{"line":38,"column":1}},"line":25},"3":{"name":"(anonymous_3)","decl":{"start":{"line":28,"column":28},"end":{"line":28,"column":29}},"loc":{"start":{"line":28,"column":33},"end":{"line":28,"column":54}},"line":28},"4":{"name":"deleteUser","decl":{"start":{"line":40,"column":9},"end":{"line":40,"column":19}},"loc":{"start":{"line":40,"column":30},"end":{"line":50,"column":1}},"line":40},"5":{"name":"(anonymous_5)","decl":{"start":{"line":42,"column":34},"end":{"line":42,"column":35}},"loc":{"start":{"line":42,"column":39},"end":{"line":42,"column":60}},"line":42},"6":{"name":"resetUsers","decl":{"start":{"line":52,"column":9},"end":{"line":52,"column":19}},"loc":{"start":{"line":52,"column":22},"end":{"line":54,"column":1}},"line":52}},"branchMap":{"0":{"loc":{"start":{"line":10,"column":4},"end":{"line":12,"column":5}},"type":"if","locations":[{"start":{"line":10,"column":4},"end":{"line":12,"column":5}},{"start":{},"end":{}}],"line":10},"1":{"loc":{"start":{"line":10,"column":8},"end":{"line":10,"column":23}},"type":"binary-expr","locations":[{"start":{"line":10,"column":8},"end":{"line":10,"column":13}},{"start":{"line":10,"column":17},"end":{"line":10,"column":23}}],"line":10},"2":{"loc":{"start":{"line":30,"column":4},"end":{"line":32,"column":5}},"type":"if","locations":[{"start":{"line":30,"column":4},"end":{"line":32,"column":5}},{"start":{},"end":{}}],"line":30},"3":{"loc":{"start":{"line":34,"column":4},"end":{"line":34,"column":31}},"type":"if","locations":[{"start":{"line":34,"column":4},"end":{"line":34,"column":31}},{"start":{},"end":{}}],"line":34},"4":{"loc":{"start":{"line":35,"column":4},"end":{"line":35,"column":34}},"type":"if","locations":[{"start":{"line":35,"column":4},"end":{"line":35,"column":34}},{"start":{},"end":{}}],"line":35},"5":{"loc":{"start":{"line":44,"column":4},"end":{"line":46,"column":5}},"type":"if","locations":[{"start":{"line":44,"column":4},"end":{"line":46,"column":5}},{"start":{},"end":{}}],"line":44}},"s":{"0":2,"1":2,"2":4,"3":4,"4":1,"5":3,"6":3,"7":3,"8":2,"9":2,"10":2,"11":1,"12":2,"13":1,"14":1,"15":1,"16":1,"17":0,"18":1,"19":2,"20":2,"21":1,"22":2,"23":1,"24":1,"25":1,"26":7,"27":2},"f":{"0":2,"1":4,"2":2,"3":1,"4":2,"5":1,"6":7},"b":{"0":[1,3],"1":[4,4],"2":[1,1],"3":[1,0],"4":[0,1],"5":[1,1]},"_coverageSchema":"1a1c01bbd47fc00a2c39e90264f33305004495a9","hash":"28aa7c2280be5471c9b694aba9aae5c335a5a5e7"}
,"D:\\DIEGO\\Documents\\SOFTWARE\\PRUEBAS\\pruebas\\Laboratorio2\\code\\src\\routes\\user.routes.js": {"path":"D:\\DIEGO\\Documents\\SOFTWARE\\PRUEBAS\\pruebas\\Laboratorio2\\code\\src\\routes\\user.routes.js","statementMap":{"0":{"start":{"line":1,"column":16},"end":{"line":1,"column":34}},"1":{"start":{"line":7,"column":4},"end":{"line":7,"column":45}},"2":{"start":{"line":9,"column":15},"end":{"line":9,"column":31}},"3":{"start":{"line":11,"column":0},"end":{"line":11,"column":29}},"4":{"start":{"line":12,"column":0},"end":{"line":12,"column":29}},"5":{"start":{"line":13,"column":0},"end":{"line":13,"column":31}},"6":{"start":{"line":14,"column":0},"end":{"line":14,"column":34}},"7":{"start":{"line":16,"column":0},"end":{"line":16,"column":24}}},"fnMap":{},"branchMap":{},"s":{"0":2,"1":2,"2":2,"3":2,"4":2,"5":2,"6":2,"7":2},"f":{},"b":{},"_coverageSchema":"1a1c01bbd47fc00a2c39e90264f33305004495a9","hash":"41542363d0f316d50362e4d8af1159299a2d2c24"}
}
