TN:
SF:src\app.js
FN:4,createApp
FN:8,(anonymous_1)
FNF:2
FNH:2
FNDA:2,createApp
FNDA:1,(anonymous_1)
DA:1,2
DA:2,2
DA:5,2
DA:6,2
DA:7,2
DA:8,2
DA:9,1
DA:11,2
DA:14,2
LF:9
LH:9
BRF:0
BRH:0
end_of_record
TN:
SF:src\controllers\user.controller.js
FN:3,getAllUsers
FN:7,createUser
FN:25,updateUser
FN:28,(anonymous_3)
FN:40,deleteUser
FN:42,(anonymous_5)
FN:52,resetUsers
FNF:7
FNH:7
FNDA:2,getAllUsers
FNDA:4,createUser
FNDA:2,updateUser
FNDA:1,(anonymous_3)
FNDA:2,deleteUser
FNDA:1,(anonymous_5)
FNDA:7,resetUsers
DA:1,2
DA:4,2
DA:8,4
DA:10,4
DA:11,1
DA:14,3
DA:20,3
DA:22,3
DA:26,2
DA:27,2
DA:28,2
DA:30,2
DA:31,1
DA:34,1
DA:35,1
DA:37,1
DA:41,2
DA:42,2
DA:44,2
DA:45,1
DA:48,1
DA:49,1
DA:53,7
DA:56,2
LF:24
LH:24
BRDA:10,0,0,1
BRDA:10,0,1,3
BRDA:10,1,0,4
BRDA:10,1,1,4
BRDA:30,2,0,1
BRDA:30,2,1,1
BRDA:34,3,0,1
BRDA:34,3,1,0
BRDA:35,4,0,0
BRDA:35,4,1,1
BRDA:44,5,0,1
BRDA:44,5,1,1
BRF:12
BRH:10
end_of_record
TN:
SF:src\routes\user.routes.js
FNF:0
FNH:0
DA:1,2
DA:7,2
DA:9,2
DA:11,2
DA:12,2
DA:13,2
DA:14,2
DA:16,2
LF:8
LH:8
BRF:0
BRH:0
end_of_record
