TN:
SF:src\app.js
FN:4,createApp
FN:8,(anonymous_1)
FNF:2
FNH:2
FNDA:2,createApp
FNDA:1,(anonymous_1)
DA:1,2
DA:2,2
DA:5,2
DA:6,2
DA:7,2
DA:8,2
DA:9,1
DA:11,2
DA:14,2
LF:9
LH:9
BRF:0
BRH:0
end_of_record
TN:
SF:src\controllers\user.controller.js
FN:3,getAllUsers
FN:7,createUser
FNF:2
FNH:2
FNDA:1,getAllUsers
FNDA:2,createUser
DA:1,2
DA:4,1
DA:8,2
DA:10,2
DA:11,1
DA:14,1
DA:20,1
DA:22,1
DA:25,2
LF:9
LH:9
BRDA:10,0,0,1
BRDA:10,0,1,1
BRDA:10,1,0,2
BRDA:10,1,1,2
BRF:4
BRH:4
end_of_record
TN:
SF:src\routes\user.routes.js
FNF:0
FNH:0
DA:1,2
DA:2,2
DA:3,2
DA:5,2
DA:6,2
DA:8,2
LF:6
LH:6
BRF:0
BRH:0
end_of_record
