{"D:\\DIEGO\\Documents\\SOFTWARE\\PRUEBAS\\pruebas\\Laboratorio2\\code2\\src\\app.js": {"path":"D:\\DIEGO\\Documents\\SOFTWARE\\PRUEBAS\\pruebas\\Laboratorio2\\code2\\src\\app.js","statementMap":{"0":{"start":{"line":1,"column":16},"end":{"line":1,"column":34}},"1":{"start":{"line":2,"column":22},"end":{"line":2,"column":56}},"2":{"start":{"line":5,"column":16},"end":{"line":5,"column":25}},"3":{"start":{"line":6,"column":4},"end":{"line":6,"column":28}},"4":{"start":{"line":7,"column":4},"end":{"line":7,"column":48}},"5":{"start":{"line":9,"column":4},"end":{"line":11,"column":7}},"6":{"start":{"line":10,"column":8},"end":{"line":10,"column":61}},"7":{"start":{"line":13,"column":4},"end":{"line":13,"column":15}},"8":{"start":{"line":17,"column":0},"end":{"line":17,"column":27}}},"fnMap":{"0":{"name":"createApp","decl":{"start":{"line":4,"column":9},"end":{"line":4,"column":18}},"loc":{"start":{"line":4,"column":21},"end":{"line":14,"column":1}},"line":4},"1":{"name":"(anonymous_1)","decl":{"start":{"line":9,"column":12},"end":{"line":9,"column":13}},"loc":{"start":{"line":9,"column":26},"end":{"line":11,"column":5}},"line":9}},"branchMap":{},"s":{"0":1,"1":1,"2":1,"3":1,"4":1,"5":1,"6":1,"7":1,"8":1},"f":{"0":1,"1":1},"b":{},"_coverageSchema":"1a1c01bbd47fc00a2c39e90264f33305004495a9","hash":"fd34e4fdd338191198403a67127621d24aca432c"}
,"D:\\DIEGO\\Documents\\SOFTWARE\\PRUEBAS\\pruebas\\Laboratorio2\\code2\\src\\controllers\\product.controller.js": {"path":"D:\\DIEGO\\Documents\\SOFTWARE\\PRUEBAS\\pruebas\\Laboratorio2\\code2\\src\\controllers\\product.controller.js","statementMap":{"0":{"start":{"line":1,"column":15},"end":{"line":1,"column":17}},"1":{"start":{"line":4,"column":4},"end":{"line":4,"column":23}},"2":{"start":{"line":8,"column":29},"end":{"line":8,"column":37}},"3":{"start":{"line":10,"column":4},"end":{"line":12,"column":5}},"4":{"start":{"line":11,"column":8},"end":{"line":11,"column":87}},"5":{"start":{"line":14,"column":23},"end":{"line":18,"column":5}},"6":{"start":{"line":20,"column":4},"end":{"line":20,"column":30}},"7":{"start":{"line":21,"column":4},"end":{"line":21,"column":37}},"8":{"start":{"line":25,"column":20},"end":{"line":25,"column":62}},"9":{"start":{"line":25,"column":39},"end":{"line":25,"column":61}},"10":{"start":{"line":26,"column":4},"end":{"line":28,"column":5}},"11":{"start":{"line":27,"column":8},"end":{"line":27,"column":70}},"12":{"start":{"line":29,"column":4},"end":{"line":29,"column":22}},"13":{"start":{"line":33,"column":18},"end":{"line":33,"column":65}},"14":{"start":{"line":33,"column":42},"end":{"line":33,"column":64}},"15":{"start":{"line":34,"column":4},"end":{"line":36,"column":5}},"16":{"start":{"line":35,"column":8},"end":{"line":35,"column":70}},"17":{"start":{"line":37,"column":20},"end":{"line":37,"column":45}},"18":{"start":{"line":38,"column":4},"end":{"line":38,"column":25}},"19":{"start":{"line":42,"column":4},"end":{"line":42,"column":18}},"20":{"start":{"line":45,"column":0},"end":{"line":51,"column":2}}},"fnMap":{"0":{"name":"getAllProducts","decl":{"start":{"line":3,"column":9},"end":{"line":3,"column":23}},"loc":{"start":{"line":3,"column":34},"end":{"line":5,"column":1}},"line":3},"1":{"name":"createProduct","decl":{"start":{"line":7,"column":9},"end":{"line":7,"column":22}},"loc":{"start":{"line":7,"column":33},"end":{"line":22,"column":1}},"line":7},"2":{"name":"getProductById","decl":{"start":{"line":24,"column":9},"end":{"line":24,"column":23}},"loc":{"start":{"line":24,"column":34},"end":{"line":30,"column":1}},"line":24},"3":{"name":"(anonymous_3)","decl":{"start":{"line":25,"column":34},"end":{"line":25,"column":35}},"loc":{"start":{"line":25,"column":39},"end":{"line":25,"column":61}},"line":25},"4":{"name":"deleteProductById","decl":{"start":{"line":32,"column":9},"end":{"line":32,"column":26}},"loc":{"start":{"line":32,"column":37},"end":{"line":39,"column":1}},"line":32},"5":{"name":"(anonymous_5)","decl":{"start":{"line":33,"column":37},"end":{"line":33,"column":38}},"loc":{"start":{"line":33,"column":42},"end":{"line":33,"column":64}},"line":33},"6":{"name":"resetProducts","decl":{"start":{"line":41,"column":9},"end":{"line":41,"column":22}},"loc":{"start":{"line":41,"column":25},"end":{"line":43,"column":1}},"line":41}},"branchMap":{"0":{"loc":{"start":{"line":10,"column":4},"end":{"line":12,"column":5}},"type":"if","locations":[{"start":{"line":10,"column":4},"end":{"line":12,"column":5}},{"start":{},"end":{}}],"line":10},"1":{"loc":{"start":{"line":10,"column":8},"end":{"line":10,"column":43}},"type":"binary-expr","locations":[{"start":{"line":10,"column":8},"end":{"line":10,"column":13}},{"start":{"line":10,"column":17},"end":{"line":10,"column":43}}],"line":10},"2":{"loc":{"start":{"line":26,"column":4},"end":{"line":28,"column":5}},"type":"if","locations":[{"start":{"line":26,"column":4},"end":{"line":28,"column":5}},{"start":{},"end":{}}],"line":26},"3":{"loc":{"start":{"line":34,"column":4},"end":{"line":36,"column":5}},"type":"if","locations":[{"start":{"line":34,"column":4},"end":{"line":36,"column":5}},{"start":{},"end":{}}],"line":34}},"s":{"0":1,"1":1,"2":4,"3":4,"4":1,"5":3,"6":3,"7":3,"8":3,"9":1,"10":3,"11":2,"12":1,"13":2,"14":1,"15":2,"16":1,"17":1,"18":1,"19":9,"20":1},"f":{"0":1,"1":4,"2":3,"3":1,"4":2,"5":1,"6":9},"b":{"0":[1,3],"1":[4,4],"2":[2,1],"3":[1,1]},"_coverageSchema":"1a1c01bbd47fc00a2c39e90264f33305004495a9","hash":"6fc9b80a77e6cdc33bee700b975974937acd0cf7"}
,"D:\\DIEGO\\Documents\\SOFTWARE\\PRUEBAS\\pruebas\\Laboratorio2\\code2\\src\\routes\\product.routes.js": {"path":"D:\\DIEGO\\Documents\\SOFTWARE\\PRUEBAS\\pruebas\\Laboratorio2\\code2\\src\\routes\\product.routes.js","statementMap":{"0":{"start":{"line":1,"column":16},"end":{"line":1,"column":34}},"1":{"start":{"line":7,"column":4},"end":{"line":7,"column":48}},"2":{"start":{"line":9,"column":15},"end":{"line":9,"column":31}},"3":{"start":{"line":11,"column":0},"end":{"line":11,"column":32}},"4":{"start":{"line":12,"column":0},"end":{"line":12,"column":32}},"5":{"start":{"line":13,"column":0},"end":{"line":13,"column":35}},"6":{"start":{"line":14,"column":0},"end":{"line":14,"column":41}},"7":{"start":{"line":16,"column":0},"end":{"line":16,"column":24}}},"fnMap":{},"branchMap":{},"s":{"0":1,"1":1,"2":1,"3":1,"4":1,"5":1,"6":1,"7":1},"f":{},"b":{},"_coverageSchema":"1a1c01bbd47fc00a2c39e90264f33305004495a9","hash":"54115dddb0ef3fd02f40a418b33c763545216b50"}
}
