TN:
SF:src\app.js
FN:4,createApp
FN:9,(anonymous_1)
FNF:2
FNH:2
FNDA:1,createApp
FNDA:1,(anonymous_1)
DA:1,1
DA:2,1
DA:5,1
DA:6,1
DA:7,1
DA:9,1
DA:10,1
DA:13,1
DA:17,1
LF:9
LH:9
BRF:0
BRH:0
end_of_record
TN:
SF:src\controllers\product.controller.js
FN:3,getAllProducts
FN:7,createProduct
FN:24,getProductById
FN:25,(anonymous_3)
FN:32,deleteProductById
FN:33,(anonymous_5)
FN:41,resetProducts
FNF:7
FNH:7
FNDA:1,getAllProducts
FNDA:4,createProduct
FNDA:3,getProductById
FNDA:1,(anonymous_3)
FNDA:2,deleteProductById
FNDA:1,(anonymous_5)
FNDA:9,resetProducts
DA:1,1
DA:4,1
DA:8,4
DA:10,4
DA:11,1
DA:14,3
DA:20,3
DA:21,3
DA:25,3
DA:26,3
DA:27,2
DA:29,1
DA:33,2
DA:34,2
DA:35,1
DA:37,1
DA:38,1
DA:42,9
DA:45,1
LF:19
LH:19
BRDA:10,0,0,1
BRDA:10,0,1,3
BRDA:10,1,0,4
BRDA:10,1,1,4
BRDA:26,2,0,2
BRDA:26,2,1,1
BRDA:34,3,0,1
BRDA:34,3,1,1
BRF:8
BRH:8
end_of_record
TN:
SF:src\routes\product.routes.js
FNF:0
FNH:0
DA:1,1
DA:7,1
DA:9,1
DA:11,1
DA:12,1
DA:13,1
DA:14,1
DA:16,1
LF:8
LH:8
BRF:0
BRH:0
end_of_record
